Arguments: 
  /usr/local/bin/node /usr/local/Cellar/yarn/1.10.1/libexec/bin/yarn.js publish

PATH: 
  /Library/Java/JavaVirtualMachines/jdk1.8.0_181.jdk/Contents/Home/bin:/usr/local/bin:/usr/bin:/bin:/usr/sbin:/sbin:.:/Users/ranchenguang/Documents/work/env/android-sdk-macosx/platform-tools:/Users/ranchenguang/Documents/work/env/android-sdk-macosx/tools

Yarn version: 
  1.10.1

Node version: 
  8.12.0

Platform: 
  darwin x64

Trace: 
  Error: https://registry.npm.taobao.org/-/user/org.couchdb.user:rcg1994: conflict
      at Request.params.callback [as _callback] (/usr/local/Cellar/yarn/1.10.1/libexec/lib/cli.js:61073:18)
      at Request.self.callback (/usr/local/Cellar/yarn/1.10.1/libexec/lib/cli.js:120166:22)
      at emitTwo (events.js:126:13)
      at Request.emit (events.js:214:7)
      at Request.<anonymous> (/usr/local/Cellar/yarn/1.10.1/libexec/lib/cli.js:121138:10)
      at emitOne (events.js:116:13)
      at Request.emit (events.js:211:7)
      at IncomingMessage.<anonymous> (/usr/local/Cellar/yarn/1.10.1/libexec/lib/cli.js:121060:12)
      at Object.onceWrapper (events.js:313:30)
      at emitNone (events.js:111:20)

npm manifest: 
  {
    "name": "atlas-rn",
    "version": "1.0.0",
    "description": "",
    "main": "lib/index.js",
    "scripts": {},
    "author": "light",
    "license": "ISC",
    "dependencies": {
      "create-react-class": "^15.6.3",
      "lodash.debounce": "^4.0.8",
      "lodash.throttle": "^4.1.1",
      "prop-types": "^15.6.1",
      "ramda": "^0.25.0"
    },
    "devDependencies": {
      "babel-cli": "^6.26.0",
      "babel-core": "^6.26.3",
      "babel-loader": "^7.1.5",
      "babel-plugin-transform-decorators-legacy": "^1.3.5",
      "babel-plugin-transform-remove-console": "^6.9.4",
      "babel-preset-env": "^1.7.0",
      "babel-preset-react-native": "^4.0.0",
      "file-loader": "^1.1.11"
    }
  }

yarn manifest: 
  No manifest

Lockfile: 
  No lockfile
